[91m[36m         __  __      ______ ____   ____   _____
[91m[36m        / / / /_____/ ,____/_/ /  / __ \/'_   /
[91m[36m       / / / / __ '/ /____/ / /  / / / / / / / 
[91m[36m      / /_/ / /_/ /___,  / / /__/ /_/ / / / /  
[91m[36m      \____/ ____/______/_/____/\____/_/ /_/   
[91m[36m          / /                                  
[91m[36m         /_/                                   
[0;34m          - When Epsiloff and Omegout          [0m

[32mBuilding U1.1.0-E15.5.0
[32m  Targeting Numworks n0100
[32m    Building on Linux amd64
[0m[39m
Makefile:17: reader app included, removing it on n0100. 
Makefile:25: Removing uLab on n0100. 
Makefile:53: HOME_DISPLAY_EXTERNALS is set but external isn't included, ignoring flag.
I18N    apps/i18n.cpp
CXX     apps/i18n.o
LD      epsilon.onboarding.elf
output/release/device/n0100/apps/i18n.h:2455:12: warning: type 'I18n::Language' violates the C++ One Definition Rule [-Wodr]
 2455 | enum class Language : uint8_t {
      |            ^
output/release/device/n0100/apps/i18n.h:2455:12: note: an enum with different value name is defined in another translation unit
 2455 | enum class Language : uint8_t {
      |            ^
output/release/device/n0100/apps/i18n.h:2456:3: note: name 'IT' differs from name 'DE' defined in another translation unit
 2456 |   DE,
      |   ^
output/release/device/n0100/apps/i18n.h:2456:3: note: mismatching definition
 2456 |   DE,
      |   ^
output/release/device/n0100/apps/i18n.h:15:12: warning: type 'I18n::Message' violates the C++ One Definition Rule [-Wodr]
   15 | enum class Message : uint16_t {
      |            ^
output/release/device/n0100/apps/i18n.h:15:12: note: an enum with different value name is defined in another translation unit
   15 | enum class Message : uint16_t {
      |            ^
output/release/device/n0100/apps/i18n.h:290:3: note: name 'LanguageIT' differs from name 'LanguageDE' defined in another translation unit
  290 |   LanguageDE,
      |   ^
output/release/device/n0100/apps/i18n.h:290:3: note: mismatching definition
  290 |   LanguageDE,
      |   ^
/usr/lib/gcc/arm-none-eabi/14.2.0/../../../../arm-none-eabi/bin/ld: warning: output/release/device/n0100/epsilon.onboarding.elf has a LOAD segment with RWX permissions
Building an internal binary for     output/release/device/n0100/epsilon.onboarding.elf
Padding output/release/device/n0100/epsilon.onboarding.internal.bin
rm -rf output/release/device/n0100/binpack
mkdir -p output/release/device/n0100/binpack
cp output/release/device/n0100/epsilon.onboarding.internal.bin output/release/device/n0100/binpack
cd output/release/device/n0100 && for binary in epsilon.onboarding.internal.bin; do shasum -a 256 -b binpack/${binary} > binpack/${binary}.sha256;done
cd output/release/device/n0100 && tar cvfz binpack-n0100-`git rev-parse HEAD | head -c 7`.tgz binpack/*
binpack/epsilon.onboarding.internal.bin
binpack/epsilon.onboarding.internal.bin.sha256
