[91m[36m         __  __      ______ ____   ____   _____
[91m[36m        / / / /_____/ ,____/_/ /  / __ \/'_   /
[91m[36m       / / / / __ '/ /____/ / /  / / / / / / / 
[91m[36m      / /_/ / /_/ /___,  / / /__/ /_/ / / / /  
[91m[36m      \____/ ____/______/_/____/\____/_/ /_/   
[91m[36m          / /                                  
[91m[36m         /_/                                   
[0;34m          - When Epsiloff and Omegout          [0m

[32mBuilding U1.1.0-E15.5.0
[32m  Targeting Numworks n0110
[32m    Building on Linux amd64
[0m[39m
CXX     bootloader/boot.o
AS      bootloader/jump_to_firmware.o
CXX     bootloader/main.o
CXX     bootloader/recovery.o
CXX     bootloader/trampoline.o
CXX     bootloader/usb_data.o
CXX     bootloader/utility.o
CXX     bootloader/drivers/stm32_drivers.o
CXX     bootloader/interface/menus/about.o
In file included from ./bootloader/interface/menus/home.h:4,
                 from bootloader/boot.cpp:7:
./bootloader/interface/src/menu.h: In constructor 'Bootloader::Menu::Menu(KDColor, KDColor, const char*, const char*, bool, int)':
./bootloader/interface/src/menu.h:117:20: warning: 'Bootloader::Menu::m_title' will be initialized after [-Wreorder]
  117 |       const char * m_title;
      |                    ^~~~~~~
./bootloader/interface/src/menu.h:116:15: warning:   'KDColor Bootloader::Menu::m_foreground' [-Wreorder]
  116 |       KDColor m_foreground;
      |               ^~~~~~~~~~~~
./bootloader/interface/src/menu.h:15:7: warning:   when initialized here [-Wreorder]
   15 |       Menu(KDColor foreground, KDColor background, const char * title, const char * bottom, bool centerY, int margin) : m_columns(), m_defaultColumns(), m_slotColumns(), m_background(background), m_title(title), m_foreground(foreground), m_bottom(bottom), m_centerY(centerY), m_forced_exit(false), m_margin(margin) {
      |       ^~~~
./bootloader/interface/src/menu.h:122:12: warning: 'Bootloader::Menu::m_forced_exit' will be initialized after [-Wreorder]
  122 |       bool m_forced_exit;
      |            ^~~~~~~~~~~~~
./bootloader/interface/src/menu.h:120:11: warning:   'int Bootloader::Menu::m_margin' [-Wreorder]
  120 |       int m_margin;
      |           ^~~~~~~~
./bootloader/interface/src/menu.h:15:7: warning:   when initialized here [-Wreorder]
   15 |       Menu(KDColor foreground, KDColor background, const char * title, const char * bottom, bool centerY, int margin) : m_columns(), m_defaultColumns(), m_slotColumns(), m_background(background), m_title(title), m_foreground(foreground), m_bottom(bottom), m_centerY(centerY), m_forced_exit(false), m_margin(margin) {
      |       ^~~~
./bootloader/interface/src/menu.h:16:14: warning: pure virtual 'virtual void Bootloader::Menu::setup()' called from constructor
   16 |         setup();
      |         ~~~~~^~
In file included from ./bootloader/interface/menus/slot_recovery.h:4,
                 from bootloader/recovery.cpp:12:
./bootloader/interface/src/menu.h: In constructor 'Bootloader::Menu::Menu(KDColor, KDColor, const char*, const char*, bool, int)':
./bootloader/interface/src/menu.h:117:20: warning: 'Bootloader::Menu::m_title' will be initialized after [-Wreorder]
  117 |       const char * m_title;
      |                    ^~~~~~~
./bootloader/interface/src/menu.h:116:15: warning:   'KDColor Bootloader::Menu::m_foreground' [-Wreorder]
  116 |       KDColor m_foreground;
      |               ^~~~~~~~~~~~
./bootloader/interface/src/menu.h:15:7: warning:   when initialized here [-Wreorder]
   15 |       Menu(KDColor foreground, KDColor background, const char * title, const char * bottom, bool centerY, int margin) : m_columns(), m_defaultColumns(), m_slotColumns(), m_background(background), m_title(title), m_foreground(foreground), m_bottom(bottom), m_centerY(centerY), m_forced_exit(false), m_margin(margin) {
      |       ^~~~
./bootloader/interface/src/menu.h:122:12: warning: 'Bootloader::Menu::m_forced_exit' will be initialized after [-Wreorder]
  122 |       bool m_forced_exit;
      |            ^~~~~~~~~~~~~
./bootloader/interface/src/menu.h:120:11: warning:   'int Bootloader::Menu::m_margin' [-Wreorder]
  120 |       int m_margin;
      |           ^~~~~~~~
./bootloader/interface/src/menu.h:15:7: warning:   when initialized here [-Wreorder]
   15 |       Menu(KDColor foreground, KDColor background, const char * title, const char * bottom, bool centerY, int margin) : m_columns(), m_defaultColumns(), m_slotColumns(), m_background(background), m_title(title), m_foreground(foreground), m_bottom(bottom), m_centerY(centerY), m_forced_exit(false), m_margin(margin) {
      |       ^~~~
./bootloader/interface/src/menu.h:16:14: warning: pure virtual 'virtual void Bootloader::Menu::setup()' called from constructor
   16 |         setup();
      |         ~~~~~^~
CXX     bootloader/interface/menus/dfu.o
CXX     bootloader/interface/menus/crash.o
bootloader/recovery.cpp: In static member function 'static Bootloader::Recovery::CrashedSlot Bootloader::Recovery::getSlotConcerned()':
bootloader/recovery.cpp:55:8: warning: variable 'isBCrashed' set but not used [-Wunused-but-set-variable]
   55 |   bool isBCrashed = false;
      |        ^~~~~~~~~~
CXX     bootloader/interface/menus/home.o
In file included from bootloader/interface/menus/about.h:4,
                 from bootloader/interface/menus/about.cpp:1:
./bootloader/interface/src/menu.h: In constructor 'Bootloader::Menu::Menu(KDColor, KDColor, const char*, const char*, bool, int)':
./bootloader/interface/src/menu.h:117:20: warning: 'Bootloader::Menu::m_title' will be initialized after [-Wreorder]
  117 |       const char * m_title;
      |                    ^~~~~~~
./bootloader/interface/src/menu.h:116:15: warning:   'KDColor Bootloader::Menu::m_foreground' [-Wreorder]
  116 |       KDColor m_foreground;
      |               ^~~~~~~~~~~~
./bootloader/interface/src/menu.h:15:7: warning:   when initialized here [-Wreorder]
   15 |       Menu(KDColor foreground, KDColor background, const char * title, const char * bottom, bool centerY, int margin) : m_columns(), m_defaultColumns(), m_slotColumns(), m_background(background), m_title(title), m_foreground(foreground), m_bottom(bottom), m_centerY(centerY), m_forced_exit(false), m_margin(margin) {
      |       ^~~~
./bootloader/interface/src/menu.h:122:12: warning: 'Bootloader::Menu::m_forced_exit' will be initialized after [-Wreorder]
  122 |       bool m_forced_exit;
      |            ^~~~~~~~~~~~~
./bootloader/interface/src/menu.h:120:11: warning:   'int Bootloader::Menu::m_margin' [-Wreorder]
  120 |       int m_margin;
      |           ^~~~~~~~
./bootloader/interface/src/menu.h:15:7: warning:   when initialized here [-Wreorder]
   15 |       Menu(KDColor foreground, KDColor background, const char * title, const char * bottom, bool centerY, int margin) : m_columns(), m_defaultColumns(), m_slotColumns(), m_background(background), m_title(title), m_foreground(foreground), m_bottom(bottom), m_centerY(centerY), m_forced_exit(false), m_margin(margin) {
      |       ^~~~
./bootloader/interface/src/menu.h:16:14: warning: pure virtual 'virtual void Bootloader::Menu::setup()' called from constructor
   16 |         setup();
      |         ~~~~~^~
CXX     bootloader/interface/menus/installer.o
CXX     bootloader/interface/menus/slot_recovery.o
bootloader/boot.cpp: In static member function 'static void Bootloader::Boot::jumpToInternalBootloader()':
bootloader/boot.cpp:171:1: warning: 'noreturn' function does return
  171 | }
      | ^
CXX     bootloader/interface/menus/upsilon_recovery.o
In file included from bootloader/interface/menus/crash.h:4,
                 from bootloader/interface/menus/crash.cpp:1:
./bootloader/interface/src/menu.h: In constructor 'Bootloader::Menu::Menu(KDColor, KDColor, const char*, const char*, bool, int)':
./bootloader/interface/src/menu.h:117:20: warning: 'Bootloader::Menu::m_title' will be initialized after [-Wreorder]
  117 |       const char * m_title;
      |                    ^~~~~~~
./bootloader/interface/src/menu.h:116:15: warning:   'KDColor Bootloader::Menu::m_foreground' [-Wreorder]
  116 |       KDColor m_foreground;
      |               ^~~~~~~~~~~~
./bootloader/interface/src/menu.h:15:7: warning:   when initialized here [-Wreorder]
   15 |       Menu(KDColor foreground, KDColor background, const char * title, const char * bottom, bool centerY, int margin) : m_columns(), m_defaultColumns(), m_slotColumns(), m_background(background), m_title(title), m_foreground(foreground), m_bottom(bottom), m_centerY(centerY), m_forced_exit(false), m_margin(margin) {
      |       ^~~~
./bootloader/interface/src/menu.h:122:12: warning: 'Bootloader::Menu::m_forced_exit' will be initialized after [-Wreorder]
  122 |       bool m_forced_exit;
      |            ^~~~~~~~~~~~~
./bootloader/interface/src/menu.h:120:11: warning:   'int Bootloader::Menu::m_margin' [-Wreorder]
  120 |       int m_margin;
      |           ^~~~~~~~
./bootloader/interface/src/menu.h:15:7: warning:   when initialized here [-Wreorder]
   15 |       Menu(KDColor foreground, KDColor background, const char * title, const char * bottom, bool centerY, int margin) : m_columns(), m_defaultColumns(), m_slotColumns(), m_background(background), m_title(title), m_foreground(foreground), m_bottom(bottom), m_centerY(centerY), m_forced_exit(false), m_margin(margin) {
      |       ^~~~
./bootloader/interface/src/menu.h:16:14: warning: pure virtual 'virtual void Bootloader::Menu::setup()' called from constructor
   16 |         setup();
      |         ~~~~~^~
In file included from bootloader/interface/menus/dfu.h:4,
                 from bootloader/interface/menus/dfu.cpp:1:
./bootloader/interface/src/menu.h: In constructor 'Bootloader::Menu::Menu(KDColor, KDColor, const char*, const char*, bool, int)':
./bootloader/interface/src/menu.h:117:20: warning: 'Bootloader::Menu::m_title' will be initialized after [-Wreorder]
  117 |       const char * m_title;
      |                    ^~~~~~~
./bootloader/interface/src/menu.h:116:15: warning:   'KDColor Bootloader::Menu::m_foreground' [-Wreorder]
  116 |       KDColor m_foreground;
      |               ^~~~~~~~~~~~
./bootloader/interface/src/menu.h:15:7: warning:   when initialized here [-Wreorder]
   15 |       Menu(KDColor foreground, KDColor background, const char * title, const char * bottom, bool centerY, int margin) : m_columns(), m_defaultColumns(), m_slotColumns(), m_background(background), m_title(title), m_foreground(foreground), m_bottom(bottom), m_centerY(centerY), m_forced_exit(false), m_margin(margin) {
      |       ^~~~
./bootloader/interface/src/menu.h:122:12: warning: 'Bootloader::Menu::m_forced_exit' will be initialized after [-Wreorder]
  122 |       bool m_forced_exit;
      |            ^~~~~~~~~~~~~
./bootloader/interface/src/menu.h:120:11: warning:   'int Bootloader::Menu::m_margin' [-Wreorder]
  120 |       int m_margin;
      |           ^~~~~~~~
./bootloader/interface/src/menu.h:15:7: warning:   when initialized here [-Wreorder]
   15 |       Menu(KDColor foreground, KDColor background, const char * title, const char * bottom, bool centerY, int margin) : m_columns(), m_defaultColumns(), m_slotColumns(), m_background(background), m_title(title), m_foreground(foreground), m_bottom(bottom), m_centerY(centerY), m_forced_exit(false), m_margin(margin) {
      |       ^~~~
./bootloader/interface/src/menu.h:16:14: warning: pure virtual 'virtual void Bootloader::Menu::setup()' called from constructor
   16 |         setup();
      |         ~~~~~^~
CXX     bootloader/interface/menus/warning.o
In file included from bootloader/interface/menus/home.h:4,
                 from bootloader/interface/menus/home.cpp:1:
./bootloader/interface/src/menu.h: In constructor 'Bootloader::Menu::Menu(KDColor, KDColor, const char*, const char*, bool, int)':
./bootloader/interface/src/menu.h:117:20: warning: 'Bootloader::Menu::m_title' will be initialized after [-Wreorder]
  117 |       const char * m_title;
      |                    ^~~~~~~
./bootloader/interface/src/menu.h:116:15: warning:   'KDColor Bootloader::Menu::m_foreground' [-Wreorder]
  116 |       KDColor m_foreground;
      |               ^~~~~~~~~~~~
./bootloader/interface/src/menu.h:15:7: warning:   when initialized here [-Wreorder]
   15 |       Menu(KDColor foreground, KDColor background, const char * title, const char * bottom, bool centerY, int margin) : m_columns(), m_defaultColumns(), m_slotColumns(), m_background(background), m_title(title), m_foreground(foreground), m_bottom(bottom), m_centerY(centerY), m_forced_exit(false), m_margin(margin) {
      |       ^~~~
./bootloader/interface/src/menu.h:122:12: warning: 'Bootloader::Menu::m_forced_exit' will be initialized after [-Wreorder]
  122 |       bool m_forced_exit;
      |            ^~~~~~~~~~~~~
./bootloader/interface/src/menu.h:120:11: warning:   'int Bootloader::Menu::m_margin' [-Wreorder]
  120 |       int m_margin;
      |           ^~~~~~~~
./bootloader/interface/src/menu.h:15:7: warning:   when initialized here [-Wreorder]
   15 |       Menu(KDColor foreground, KDColor background, const char * title, const char * bottom, bool centerY, int margin) : m_columns(), m_defaultColumns(), m_slotColumns(), m_background(background), m_title(title), m_foreground(foreground), m_bottom(bottom), m_centerY(centerY), m_forced_exit(false), m_margin(margin) {
      |       ^~~~
./bootloader/interface/src/menu.h:16:14: warning: pure virtual 'virtual void Bootloader::Menu::setup()' called from constructor
   16 |         setup();
      |         ~~~~~^~
In file included from bootloader/interface/menus/installer.h:4,
                 from bootloader/interface/menus/installer.cpp:1:
./bootloader/interface/src/menu.h: In constructor 'Bootloader::Menu::Menu(KDColor, KDColor, const char*, const char*, bool, int)':
./bootloader/interface/src/menu.h:117:20: warning: 'Bootloader::Menu::m_title' will be initialized after [-Wreorder]
  117 |       const char * m_title;
      |                    ^~~~~~~
./bootloader/interface/src/menu.h:116:15: warning:   'KDColor Bootloader::Menu::m_foreground' [-Wreorder]
  116 |       KDColor m_foreground;
      |               ^~~~~~~~~~~~
./bootloader/interface/src/menu.h:15:7: warning:   when initialized here [-Wreorder]
   15 |       Menu(KDColor foreground, KDColor background, const char * title, const char * bottom, bool centerY, int margin) : m_columns(), m_defaultColumns(), m_slotColumns(), m_background(background), m_title(title), m_foreground(foreground), m_bottom(bottom), m_centerY(centerY), m_forced_exit(false), m_margin(margin) {
      |       ^~~~
./bootloader/interface/src/menu.h:122:12: warning: 'Bootloader::Menu::m_forced_exit' will be initialized after [-Wreorder]
  122 |       bool m_forced_exit;
      |            ^~~~~~~~~~~~~
./bootloader/interface/src/menu.h:120:11: warning:   'int Bootloader::Menu::m_margin' [-Wreorder]
  120 |       int m_margin;
      |           ^~~~~~~~
./bootloader/interface/src/menu.h:15:7: warning:   when initialized here [-Wreorder]
   15 |       Menu(KDColor foreground, KDColor background, const char * title, const char * bottom, bool centerY, int margin) : m_columns(), m_defaultColumns(), m_slotColumns(), m_background(background), m_title(title), m_foreground(foreground), m_bottom(bottom), m_centerY(centerY), m_forced_exit(false), m_margin(margin) {
      |       ^~~~
./bootloader/interface/src/menu.h:16:14: warning: pure virtual 'virtual void Bootloader::Menu::setup()' called from constructor
   16 |         setup();
      |         ~~~~~^~
CXX     bootloader/interface/src/menu.o
In file included from bootloader/interface/menus/slot_recovery.h:4,
                 from bootloader/interface/menus/slot_recovery.cpp:1:
./bootloader/interface/src/menu.h: In constructor 'Bootloader::Menu::Menu(KDColor, KDColor, const char*, const char*, bool, int)':
./bootloader/interface/src/menu.h:117:20: warning: 'Bootloader::Menu::m_title' will be initialized after [-Wreorder]
  117 |       const char * m_title;
      |                    ^~~~~~~
./bootloader/interface/src/menu.h:116:15: warning:   'KDColor Bootloader::Menu::m_foreground' [-Wreorder]
  116 |       KDColor m_foreground;
      |               ^~~~~~~~~~~~
./bootloader/interface/src/menu.h:15:7: warning:   when initialized here [-Wreorder]
   15 |       Menu(KDColor foreground, KDColor background, const char * title, const char * bottom, bool centerY, int margin) : m_columns(), m_defaultColumns(), m_slotColumns(), m_background(background), m_title(title), m_foreground(foreground), m_bottom(bottom), m_centerY(centerY), m_forced_exit(false), m_margin(margin) {
      |       ^~~~
./bootloader/interface/src/menu.h:122:12: warning: 'Bootloader::Menu::m_forced_exit' will be initialized after [-Wreorder]
  122 |       bool m_forced_exit;
      |            ^~~~~~~~~~~~~
./bootloader/interface/src/menu.h:120:11: warning:   'int Bootloader::Menu::m_margin' [-Wreorder]
  120 |       int m_margin;
      |           ^~~~~~~~
./bootloader/interface/src/menu.h:15:7: warning:   when initialized here [-Wreorder]
   15 |       Menu(KDColor foreground, KDColor background, const char * title, const char * bottom, bool centerY, int margin) : m_columns(), m_defaultColumns(), m_slotColumns(), m_background(background), m_title(title), m_foreground(foreground), m_bottom(bottom), m_centerY(centerY), m_forced_exit(false), m_margin(margin) {
      |       ^~~~
./bootloader/interface/src/menu.h:16:14: warning: pure virtual 'virtual void Bootloader::Menu::setup()' called from constructor
   16 |         setup();
      |         ~~~~~^~
CXX     bootloader/interface/static/interface.o
In file included from bootloader/interface/menus/upsilon_recovery.h:4,
                 from bootloader/interface/menus/upsilon_recovery.cpp:1:
./bootloader/interface/src/menu.h: In constructor 'Bootloader::Menu::Menu(KDColor, KDColor, const char*, const char*, bool, int)':
./bootloader/interface/src/menu.h:117:20: warning: 'Bootloader::Menu::m_title' will be initialized after [-Wreorder]
  117 |       const char * m_title;
      |                    ^~~~~~~
./bootloader/interface/src/menu.h:116:15: warning:   'KDColor Bootloader::Menu::m_foreground' [-Wreorder]
  116 |       KDColor m_foreground;
      |               ^~~~~~~~~~~~
./bootloader/interface/src/menu.h:15:7: warning:   when initialized here [-Wreorder]
   15 |       Menu(KDColor foreground, KDColor background, const char * title, const char * bottom, bool centerY, int margin) : m_columns(), m_defaultColumns(), m_slotColumns(), m_background(background), m_title(title), m_foreground(foreground), m_bottom(bottom), m_centerY(centerY), m_forced_exit(false), m_margin(margin) {
      |       ^~~~
./bootloader/interface/src/menu.h:122:12: warning: 'Bootloader::Menu::m_forced_exit' will be initialized after [-Wreorder]
  122 |       bool m_forced_exit;
      |            ^~~~~~~~~~~~~
./bootloader/interface/src/menu.h:120:11: warning:   'int Bootloader::Menu::m_margin' [-Wreorder]
  120 |       int m_margin;
      |           ^~~~~~~~
./bootloader/interface/src/menu.h:15:7: warning:   when initialized here [-Wreorder]
   15 |       Menu(KDColor foreground, KDColor background, const char * title, const char * bottom, bool centerY, int margin) : m_columns(), m_defaultColumns(), m_slotColumns(), m_background(background), m_title(title), m_foreground(foreground), m_bottom(bottom), m_centerY(centerY), m_forced_exit(false), m_margin(margin) {
      |       ^~~~
./bootloader/interface/src/menu.h:16:14: warning: pure virtual 'virtual void Bootloader::Menu::setup()' called from constructor
   16 |         setup();
      |         ~~~~~^~
In file included from bootloader/interface/menus/warning.h:4,
                 from bootloader/interface/menus/warning.cpp:1:
./bootloader/interface/src/menu.h: In constructor 'Bootloader::Menu::Menu(KDColor, KDColor, const char*, const char*, bool, int)':
./bootloader/interface/src/menu.h:117:20: warning: 'Bootloader::Menu::m_title' will be initialized after [-Wreorder]
  117 |       const char * m_title;
      |                    ^~~~~~~
./bootloader/interface/src/menu.h:116:15: warning:   'KDColor Bootloader::Menu::m_foreground' [-Wreorder]
  116 |       KDColor m_foreground;
      |               ^~~~~~~~~~~~
./bootloader/interface/src/menu.h:15:7: warning:   when initialized here [-Wreorder]
   15 |       Menu(KDColor foreground, KDColor background, const char * title, const char * bottom, bool centerY, int margin) : m_columns(), m_defaultColumns(), m_slotColumns(), m_background(background), m_title(title), m_foreground(foreground), m_bottom(bottom), m_centerY(centerY), m_forced_exit(false), m_margin(margin) {
      |       ^~~~
./bootloader/interface/src/menu.h:122:12: warning: 'Bootloader::Menu::m_forced_exit' will be initialized after [-Wreorder]
  122 |       bool m_forced_exit;
      |            ^~~~~~~~~~~~~
./bootloader/interface/src/menu.h:120:11: warning:   'int Bootloader::Menu::m_margin' [-Wreorder]
  120 |       int m_margin;
      |           ^~~~~~~~
./bootloader/interface/src/menu.h:15:7: warning:   when initialized here [-Wreorder]
   15 |       Menu(KDColor foreground, KDColor background, const char * title, const char * bottom, bool centerY, int margin) : m_columns(), m_defaultColumns(), m_slotColumns(), m_background(background), m_title(title), m_foreground(foreground), m_bottom(bottom), m_centerY(centerY), m_forced_exit(false), m_margin(margin) {
      |       ^~~~
./bootloader/interface/src/menu.h:16:14: warning: pure virtual 'virtual void Bootloader::Menu::setup()' called from constructor
   16 |         setup();
      |         ~~~~~^~
CXX     bootloader/slots/kernel_header.o
In file included from bootloader/interface/src/menu.cpp:1:
./bootloader/interface/src/menu.h: In constructor 'Bootloader::Menu::Menu(KDColor, KDColor, const char*, const char*, bool, int)':
./bootloader/interface/src/menu.h:117:20: warning: 'Bootloader::Menu::m_title' will be initialized after [-Wreorder]
  117 |       const char * m_title;
      |                    ^~~~~~~
./bootloader/interface/src/menu.h:116:15: warning:   'KDColor Bootloader::Menu::m_foreground' [-Wreorder]
  116 |       KDColor m_foreground;
      |               ^~~~~~~~~~~~
./bootloader/interface/src/menu.h:15:7: warning:   when initialized here [-Wreorder]
   15 |       Menu(KDColor foreground, KDColor background, const char * title, const char * bottom, bool centerY, int margin) : m_columns(), m_defaultColumns(), m_slotColumns(), m_background(background), m_title(title), m_foreground(foreground), m_bottom(bottom), m_centerY(centerY), m_forced_exit(false), m_margin(margin) {
      |       ^~~~
./bootloader/interface/src/menu.h:122:12: warning: 'Bootloader::Menu::m_forced_exit' will be initialized after [-Wreorder]
  122 |       bool m_forced_exit;
      |            ^~~~~~~~~~~~~
./bootloader/interface/src/menu.h:120:11: warning:   'int Bootloader::Menu::m_margin' [-Wreorder]
  120 |       int m_margin;
      |           ^~~~~~~~
./bootloader/interface/src/menu.h:15:7: warning:   when initialized here [-Wreorder]
   15 |       Menu(KDColor foreground, KDColor background, const char * title, const char * bottom, bool centerY, int margin) : m_columns(), m_defaultColumns(), m_slotColumns(), m_background(background), m_title(title), m_foreground(foreground), m_bottom(bottom), m_centerY(centerY), m_forced_exit(false), m_margin(margin) {
      |       ^~~~
./bootloader/interface/src/menu.h:16:14: warning: pure virtual 'virtual void Bootloader::Menu::setup()' called from constructor
   16 |         setup();
      |         ~~~~~^~
CXX     bootloader/slots/slot.o
CXX     bootloader/slots/slot_exam_mode.o
CXX     bootloader/slots/userland_header.o
bootloader/slots/slot_exam_mode.cpp: In static member function 'static uint8_t Bootloader::ExamMode::SlotsExamMode::FetchSlotExamMode(const char*, const char*)':
bootloader/slots/slot_exam_mode.cpp:47:12: warning: comparison with string literal results in unspecified behavior [-Waddress]
   47 |   if (Slot == "A") {
      |       ~~~~~^~~~~~
bootloader/slots/slot_exam_mode.cpp:64:17: warning: comparison with string literal results in unspecified behavior [-Waddress]
   64 |   else if (Slot == "B") {
      |            ~~~~~^~~~~~
bootloader/slots/slot_exam_mode.cpp:80:19: warning: comparison with string literal results in unspecified behavior [-Waddress]
   80 |   } else if (Slot == "Khi") {
      |              ~~~~~^~~~~~~~
LD      bootloader.elf
/usr/lib/gcc/arm-none-eabi/14.2.0/../../../../arm-none-eabi/bin/ld: warning: output/release/device/n0110/bootloader.elf has a LOAD segment with RWX permissions
OBJCOPY bootloader.bin
